Arguments: 
  C:\Program Files\nodejs\node.exe C:\Users\rafaa\AppData\Roaming\npm\node_modules\yarn\bin\yarn.js add zod

PATH: 
  C:\Program Files\Git\mingw64\bin;C:\Program Files\Git\usr\bin;C:\Users\rafaa\bin;C:\Windows\system32;C:\Windows;C:\Windows\System32\Wbem;C:\Windows\System32\WindowsPowerShell\v1.0;C:\Windows\System32\OpenSSH;C:\Program Files\NVIDIA Corporation\NVIDIA NvDLISR;C:\Program Files (x86)\NVIDIA Corporation\PhysX\Common;C:\WINDOWS\system32;C:\WINDOWS;C:\WINDOWS\System32\Wbem;C:\WINDOWS\System32\WindowsPowerShell\v1.0;C:\WINDOWS\System32\OpenSSH;C:\Program Files\Git\cmd;C:\Program Files\GitHub CLI;C:\Program Files\nodejs;C:\Users\rafaa\AppData\Local\Microsoft\WindowsApps;C:\Users\rafaa\AppData\Local\Programs\Microsoft VS Code\bin;C:\Users\rafaa\AppData\Roaming\npm

Yarn version: 
  1.22.19

Node version: 
  18.12.0

Platform: 
  win32 x64

Trace: 
  Error: EPERM: operation not permitted, unlink 'C:\Users\rafaa\www\nlw\copa-nextlevelweek\server\node_modules\@prisma\engines\query_engine-windows.dll.node'

npm manifest: 
  {
    "name": "server",
    "version": "1.0.0",
    "description": "",
    "main": "index.js",
    "scripts": {
      "dev": "tsx watch src/server.ts"
    },
    "keywords": [],
    "author": "",
    "license": "ISC",
    "prisma": {
      "seed": "tsx prisma/seed.ts"
    },
    "devDependencies": {
      "@mermaid-js/mermaid-cli": "^9.1.7",
      "prisma": "^4.5.0",
      "prisma-erd-generator": "^1.2.2",
      "tsx": "^3.11.0",
      "typescript": "^4.8.4"
    },
    "dependencies": {
      "@fastify/cors": "^8.1.1",
      "@prisma/client": "^4.5.0",
      "fastify": "^4.9.2",
      "short-unique-id": "^4.4.4"
    }
  }

yarn manifest: 
  No manifest

Lockfile: 
  No lockfile
